<?xml version="1.0" encoding="UTF-8"?>
<!-- Generated by org.testng.reporters.JUnitReportReporter -->
<testsuite hostname="Abhi" failures="0" tests="1" name="test_scripts.Script_19" time="38.371" errors="0" timestamp="2024-03-19T15:45:31 IST" skipped="0">
  <testcase classname="test_scripts.Script_19" name="addtcname" time="38.371"/>
</testsuite> <!-- test_scripts.Script_19 -->
