<?xml version="1.0" encoding="UTF-8"?>
<!-- Generated by org.testng.reporters.JUnitReportReporter -->
<testsuite hostname="Abhi" failures="0" tests="4" name="demo.OHRM" time="26.168" errors="0" timestamp="2024-03-13T13:19:35 IST" skipped="0">
  <testcase classname="demo.OHRM" name="loginOHRM" time="10.011"/>
  <testcase classname="demo.OHRM" name="pim" time="4.837"/>
  <testcase classname="demo.OHRM" name="addemp" time="7.438"/>
  <testcase classname="demo.OHRM" name="report" time="3.882"/>
</testsuite> <!-- demo.OHRM -->
