<?xml version="1.0" encoding="UTF-8"?>
<!-- Generated by org.testng.reporters.JUnitReportReporter -->
<testsuite hostname="Abhi" failures="0" tests="1" name="demo.DemoTest" time="9.507" errors="0" timestamp="2024-03-12T22:25:21 IST" skipped="0">
  <testcase classname="demo.DemoTest" name="chromelaunch" time="9.507"/>
</testsuite> <!-- demo.DemoTest -->
