<?xml version="1.0" encoding="UTF-8"?>
<!-- Generated by org.testng.reporters.JUnitReportReporter -->
<testsuite hostname="Abhi" failures="0" tests="2" name="demo.childClass" time="35.937" errors="0" timestamp="2024-03-13T10:02:02 IST" skipped="0">
  <testcase classname="demo.childClass" name="login" time="8.478"/>
  <testcase classname="demo.childClass" name="launOHRM" time="27.459"/>
</testsuite> <!-- demo.childClass -->
