<?xml version="1.0" encoding="UTF-8"?>
<!-- Generated by org.testng.reporters.JUnitReportReporter -->
<testsuite hostname="Abhi" failures="0" tests="1" name="pages.Script_22" time="22.143" errors="0" timestamp="2024-03-20T14:03:39 IST" skipped="0">
  <testcase classname="pages.Script_22" name="addtcname" time="22.143"/>
</testsuite> <!-- pages.Script_22 -->
