<?xml version="1.0" encoding="UTF-8"?>
<!-- Generated by org.testng.reporters.JUnitReportReporter -->
<testsuite hostname="Abhi" failures="0" tests="4" name="zzdemo.OHRM" time="28.602" errors="0" timestamp="2024-03-15T17:01:56 IST" skipped="0">
  <testcase classname="zzdemo.OHRM" name="loginOHRM" time="12.241"/>
  <testcase classname="zzdemo.OHRM" name="pim" time="5.644"/>
  <testcase classname="zzdemo.OHRM" name="addemp" time="7.730"/>
  <testcase classname="zzdemo.OHRM" name="report" time="2.987"/>
</testsuite> <!-- zzdemo.OHRM -->
