<?xml version="1.0" encoding="UTF-8"?>
<!-- Generated by org.testng.reporters.JUnitReportReporter -->
<testsuite hostname="Abhi" failures="0" tests="1" name="test_scripts.Script_21" time="46.225" errors="0" timestamp="2024-03-20T11:53:09 IST" skipped="0">
  <testcase classname="test_scripts.Script_21" name="addtcname" time="46.225"/>
</testsuite> <!-- test_scripts.Script_21 -->
