<?xml version="1.0" encoding="UTF-8"?>
<!-- Generated by org.testng.reporters.JUnitReportReporter -->
<testsuite hostname="Abhi" failures="0" tests="1" name="demo.Superclass" time="27.307" errors="0" timestamp="2024-03-13T10:02:02 IST" skipped="0">
  <testcase classname="demo.Superclass" name="launOHRM" time="27.307"/>
</testsuite> <!-- demo.Superclass -->
