<?xml version="1.0" encoding="UTF-8"?>
<!-- Generated by org.testng.reporters.JUnitReportReporter -->
<testsuite hostname="Abhi" failures="0" tests="2" name="demo.Annotations" time="0.032" errors="0" timestamp="2024-03-12T22:25:21 IST" skipped="0">
  <testcase classname="demo.Annotations" name="testMethod" time="0.026"/>
  <testcase classname="demo.Annotations" name="testMethod3" time="0.006"/>
</testsuite> <!-- demo.Annotations -->
