<?xml version="1.0" encoding="UTF-8"?>
<!-- Generated by org.testng.reporters.JUnitReportReporter -->
<testsuite hostname="Abhi" failures="0" tests="1" name="test_scripts.Script_17" time="33.760" errors="0" timestamp="2024-03-19T11:42:27 IST" skipped="0">
  <testcase classname="test_scripts.Script_17" name="addtcname" time="33.760"/>
</testsuite> <!-- test_scripts.Script_17 -->
