<?xml version="1.0" encoding="UTF-8"?>
<!-- Generated by org.testng.reporters.JUnitReportReporter -->
<testsuite hostname="Abhi" failures="0" tests="1" name="test_scripts.Script_3" time="24.354" errors="0" timestamp="2024-03-15T13:51:12 IST" skipped="0">
  <testcase classname="test_scripts.Script_3" name="logout_user" time="24.354"/>
</testsuite> <!-- test_scripts.Script_3 -->
