<?xml version="1.0" encoding="UTF-8"?>
<!-- Generated by org.testng.reporters.JUnitReportReporter -->
<testsuite hostname="Abhi" failures="0" tests="1" name="test_scripts.Script_7" time="23.716" errors="0" timestamp="2024-03-15T18:19:02 IST" skipped="0">
  <testcase classname="test_scripts.Script_7" name="navigated_to_tcpage" time="23.716"/>
</testsuite> <!-- test_scripts.Script_7 -->
