<?xml version="1.0" encoding="UTF-8"?>
<!-- Generated by org.testng.reporters.JUnitReportReporter -->
<testsuite hostname="Abhi" failures="0" tests="1" name="test_scripts.Script_22" time="17.602" errors="0" timestamp="2024-03-20T15:38:42 IST" skipped="0">
  <testcase classname="test_scripts.Script_22" name="addtcname" time="17.602"/>
</testsuite> <!-- test_scripts.Script_22 -->
