<?xml version="1.0" encoding="UTF-8"?>
<!-- Generated by org.testng.reporters.JUnitReportReporter -->
<testsuite hostname="Abhi" failures="0" tests="1" name="test_scripts.Script_8" time="33.266" errors="0" timestamp="2024-03-15T21:31:33 IST" skipped="0">
  <testcase classname="test_scripts.Script_8" name="product_page" time="33.266"/>
</testsuite> <!-- test_scripts.Script_8 -->
