<?xml version="1.0" encoding="UTF-8"?>
<!-- Generated by org.testng.reporters.JUnitReportReporter -->
<testsuite hostname="Abhi" failures="0" tests="1" name="test_scripts.Script_18" time="40.049" errors="0" timestamp="2024-03-19T12:52:13 IST" skipped="0">
  <testcase classname="test_scripts.Script_18" name="addtcname" time="40.049"/>
</testsuite> <!-- test_scripts.Script_18 -->
