<?xml version="1.0" encoding="UTF-8"?>
<!-- Generated by org.testng.reporters.JUnitReportReporter -->
<testsuite hostname="Abhi" failures="0" tests="1" name="test_scripts.Script_26" time="33.962" errors="0" timestamp="2024-03-21T19:08:23 IST" skipped="0">
  <testcase classname="test_scripts.Script_26" name="Verify_Scroll_Up_without_Arrow_btn_and_Scroll_Down_functionality" time="33.962"/>
</testsuite> <!-- test_scripts.Script_26 -->
