<?xml version="1.0" encoding="UTF-8"?>
<!-- Generated by org.testng.reporters.JUnitReportReporter -->
<testsuite hostname="Abhi" failures="0" tests="1" name="test_scripts.Script_12" time="24.608" errors="0" timestamp="2024-03-20T16:38:10 IST" skipped="0">
  <testcase classname="test_scripts.Script_12" name="product_page" time="24.608"/>
</testsuite> <!-- test_scripts.Script_12 -->
