<?xml version="1.0" encoding="UTF-8"?>
<!-- Generated by org.testng.reporters.JUnitReportReporter -->
<testsuite hostname="Abhi" failures="0" tests="1" name="test_scripts.Script_5" time="19.154" errors="0" timestamp="2024-03-15T14:32:21 IST" skipped="0">
  <testcase classname="test_scripts.Script_5" name="emailexit" time="19.154"/>
</testsuite> <!-- test_scripts.Script_5 -->
