<?xml version="1.0" encoding="UTF-8"?>
<!-- Generated by org.testng.reporters.JUnitReportReporter -->
<testsuite hostname="Abhi" failures="0" tests="1" name="test_scripts.Script_9" time="32.517" errors="0" timestamp="2024-03-15T21:49:51 IST" skipped="0">
  <testcase classname="test_scripts.Script_9" name="navigated_to_tcpage" time="32.517"/>
</testsuite> <!-- test_scripts.Script_9 -->
